[debug] [2022-06-28T16:48:02.085Z] ----------------------------------------------------------------------
[debug] [2022-06-28T16:48:02.094Z] Command:       C:\Program Files (x86)\nodejs\node.exe C:\Users\My\AppData\Roaming\npm\node_modules\firebase-tools\lib\bin\firebase.js deploy
[debug] [2022-06-28T16:48:02.096Z] CLI Version:   10.2.2
[debug] [2022-06-28T16:48:02.096Z] Platform:      win32
[debug] [2022-06-28T16:48:02.096Z] Node Version:  v14.17.0
[debug] [2022-06-28T16:48:02.114Z] Time:          Tue Jun 28 2022 22:48:02 GMT+0600 (Bangladesh Standard Time)
[debug] [2022-06-28T16:48:02.115Z] ----------------------------------------------------------------------
[debug] 
[debug] [2022-06-28T16:48:02.412Z] > command requires scopes: ["email","openid","https://www.googleapis.com/auth/cloudplatformprojects.readonly","https://www.googleapis.com/auth/firebase","https://www.googleapis.com/auth/cloud-platform"]
[debug] [2022-06-28T16:48:02.413Z] > authorizing via signed-in user (azharulislamtawhid@gmail.com)
[debug] [2022-06-28T16:48:02.414Z] [iam] checking project mate-gadgets for permissions ["firebase.projects.get","firebasehosting.sites.update"]
[debug] [2022-06-28T16:48:02.418Z] > refreshing access token with scopes: []
[debug] [2022-06-28T16:48:02.420Z] >>> HTTP REQUEST POST https://www.googleapis.com/oauth2/v3/token  
 <request body omitted>
[debug] [2022-06-28T16:48:23.593Z] [iam] error while checking permissions, command may fail: FirebaseError: Authentication Error: Your credentials are no longer valid. Please run firebase login --reauth

For CI servers and headless environments, generate a new token with firebase login:ci
[debug] [2022-06-28T16:48:23.595Z] > refreshing access token with scopes: []
[debug] [2022-06-28T16:48:23.595Z] >>> HTTP REQUEST POST https://www.googleapis.com/oauth2/v3/token  
 <request body omitted>
[debug] [2022-06-28T16:48:36.878Z] Authentication Error: Your credentials are no longer valid. Please run firebase login --reauth

For CI servers and headless environments, generate a new token with firebase login:ci
[debug] [2022-06-28T16:48:42.012Z] FirebaseError: Authentication Error: Your credentials are no longer valid. Please run firebase login --reauth

For CI servers and headless environments, generate a new token with firebase login:ci
    at invalidCredentialError (C:\Users\My\AppData\Roaming\npm\node_modules\firebase-tools\lib\auth.js:145:12)
    at refreshTokens (C:\Users\My\AppData\Roaming\npm\node_modules\firebase-tools\lib\auth.js:485:15)
    at processTicksAndRejections (internal/process/task_queues.js:95:5)
    at async Client.getAccessToken (C:\Users\My\AppData\Roaming\npm\node_modules\firebase-tools\lib\apiv2.js:147:23)
    at async Client.addAuthHeader (C:\Users\My\AppData\Roaming\npm\node_modules\firebase-tools\lib\apiv2.js:138:21)
    at async Client.request (C:\Users\My\AppData\Roaming\npm\node_modules\firebase-tools\lib\apiv2.js:94:34)
    at async getFirebaseProject (C:\Users\My\AppData\Roaming\npm\node_modules\firebase-tools\lib\management\projects.js:290:21)
    at async getDefaultHostingSite (C:\Users\My\AppData\Roaming\npm\node_modules\firebase-tools\lib\getDefaultHostingSite.js:8:21)
    at async requireHostingSite (C:\Users\My\AppData\Roaming\npm\node_modules\firebase-tools\lib\requireHostingSite.js:9:18)
    at async Object.fn (C:\Users\My\AppData\Roaming\npm\node_modules\firebase-tools\lib\commands\deploy.js:73:9)
    at async C:\Users\My\AppData\Roaming\npm\node_modules\firebase-tools\lib\command.js:188:17
[error] 
[error] Error: Failed to get Firebase project mate-gadgets. Please make sure the project exists and your account has permission to access it.
[debug] [2022-06-28T16:49:06.917Z] ----------------------------------------------------------------------
[debug] [2022-06-28T16:49:06.924Z] Command:       C:\Program Files (x86)\nodejs\node.exe C:\Users\My\AppData\Roaming\npm\node_modules\firebase-tools\lib\bin\firebase.js deploy
[debug] [2022-06-28T16:49:06.925Z] CLI Version:   10.2.2
[debug] [2022-06-28T16:49:06.925Z] Platform:      win32
[debug] [2022-06-28T16:49:06.926Z] Node Version:  v14.17.0
[debug] [2022-06-28T16:49:06.928Z] Time:          Tue Jun 28 2022 22:49:06 GMT+0600 (Bangladesh Standard Time)
[debug] [2022-06-28T16:49:06.929Z] ----------------------------------------------------------------------
[debug] 
[debug] [2022-06-28T16:49:07.212Z] > command requires scopes: ["email","openid","https://www.googleapis.com/auth/cloudplatformprojects.readonly","https://www.googleapis.com/auth/firebase","https://www.googleapis.com/auth/cloud-platform"]
[debug] [2022-06-28T16:49:07.213Z] > authorizing via signed-in user (azharulislamtawhid@gmail.com)
[debug] [2022-06-28T16:49:07.213Z] [iam] checking project mate-gadgets for permissions ["firebase.projects.get","firebasehosting.sites.update"]
[debug] [2022-06-28T16:49:07.218Z] > refreshing access token with scopes: []
[debug] [2022-06-28T16:49:07.220Z] >>> HTTP REQUEST POST https://www.googleapis.com/oauth2/v3/token  
 <request body omitted>
[debug] [2022-06-28T17:08:49.432Z] ----------------------------------------------------------------------
[debug] [2022-06-28T17:08:49.443Z] Command:       C:\Program Files (x86)\nodejs\node.exe C:\Users\My\AppData\Roaming\npm\node_modules\firebase-tools\lib\bin\firebase.js deploy
[debug] [2022-06-28T17:08:49.445Z] CLI Version:   10.2.2
[debug] [2022-06-28T17:08:49.445Z] Platform:      win32
[debug] [2022-06-28T17:08:49.446Z] Node Version:  v14.17.0
[debug] [2022-06-28T17:08:49.451Z] Time:          Tue Jun 28 2022 23:08:49 GMT+0600 (Bangladesh Standard Time)
[debug] [2022-06-28T17:08:49.452Z] ----------------------------------------------------------------------
[debug] 
[debug] [2022-06-28T17:08:49.785Z] > command requires scopes: ["email","openid","https://www.googleapis.com/auth/cloudplatformprojects.readonly","https://www.googleapis.com/auth/firebase","https://www.googleapis.com/auth/cloud-platform"]
[debug] [2022-06-28T17:08:49.786Z] > authorizing via signed-in user (azharulislamtawhid@gmail.com)
[debug] [2022-06-28T17:08:49.787Z] [iam] checking project mate-gadgets for permissions ["firebase.projects.get","firebasehosting.sites.update"]
[debug] [2022-06-28T17:08:49.794Z] > refreshing access token with scopes: []
[debug] [2022-06-28T17:08:49.796Z] >>> HTTP REQUEST POST https://www.googleapis.com/oauth2/v3/token  
 <request body omitted>
[debug] [2022-06-28T17:08:52.853Z] <<< HTTP RESPONSE 200 {"pragma":"no-cache","cache-control":"no-cache, no-store, max-age=0, must-revalidate","date":"Tue, 28 Jun 2022 17:08:46 GMT","expires":"Mon, 01 Jan 1990 00:00:00 GMT","content-type":"application/json; charset=utf-8","vary":"X-Origin, Referer, Origin,Accept-Encoding","server":"scaffolding on HTTPServer2","x-xss-protection":"0","x-frame-options":"SAMEORIGIN","x-content-type-options":"nosniff","alt-svc":"h3=\":443\"; ma=2592000,h3-29=\":443\"; ma=2592000,h3-Q050=\":443\"; ma=2592000,h3-Q046=\":443\"; ma=2592000,h3-Q043=\":443\"; ma=2592000,quic=\":443\"; ma=2592000; v=\"46,43\"","accept-ranges":"none","transfer-encoding":"chunked"}
[debug] [2022-06-28T17:08:52.891Z] >>> [apiv2][query] POST https://cloudresourcemanager.googleapis.com/v1/projects/mate-gadgets:testIamPermissions [none]
[debug] [2022-06-28T17:08:52.891Z] >>> [apiv2][body] POST https://cloudresourcemanager.googleapis.com/v1/projects/mate-gadgets:testIamPermissions {"permissions":["firebase.projects.get","firebasehosting.sites.update"]}
[debug] [2022-06-28T17:08:55.989Z] <<< [apiv2][status] POST https://cloudresourcemanager.googleapis.com/v1/projects/mate-gadgets:testIamPermissions 200
[debug] [2022-06-28T17:08:55.990Z] <<< [apiv2][body] POST https://cloudresourcemanager.googleapis.com/v1/projects/mate-gadgets:testIamPermissions {"permissions":["firebase.projects.get","firebasehosting.sites.update"]}
[debug] [2022-06-28T17:08:55.996Z] >>> [apiv2][query] GET https://firebase.googleapis.com/v1beta1/projects/mate-gadgets [none]
[debug] [2022-06-28T17:08:58.475Z] <<< [apiv2][status] GET https://firebase.googleapis.com/v1beta1/projects/mate-gadgets 200
[debug] [2022-06-28T17:08:58.475Z] <<< [apiv2][body] GET https://firebase.googleapis.com/v1beta1/projects/mate-gadgets {"projectId":"mate-gadgets","projectNumber":"165998838731","displayName":"mate-gadgets","name":"projects/mate-gadgets","resources":{"hostingSite":"mate-gadgets"},"state":"ACTIVE"}
[info] 
[info] === Deploying to 'mate-gadgets'...
[info] 
[info] i  deploying hosting 
[debug] [2022-06-28T17:08:58.486Z] >>> [apiv2][query] GET https://firebase.googleapis.com/v1beta1/projects/mate-gadgets [none]
[debug] [2022-06-28T17:09:11.909Z] Failed to make request to https://firebase.googleapis.com/v1beta1/projects/mate-gadgets
[debug] [2022-06-28T17:09:12.594Z] FirebaseError: Failed to make request to https://firebase.googleapis.com/v1beta1/projects/mate-gadgets
    at RetryOperation._fn (C:\Users\My\AppData\Roaming\npm\node_modules\firebase-tools\lib\apiv2.js:240:31)
    at processTicksAndRejections (internal/process/task_queues.js:95:5)
[error] 
[error] Error: Failed to get Firebase project mate-gadgets. Please make sure the project exists and your account has permission to access it.
